<testsuites id="" name="" tests="25" failures="0" skipped="0" errors="0" time="53.438539000000006">
<testsuite name="ui\catalogo.spec.ts" timestamp="2026-07-20T05:37:46.098Z" hostname="chromium-ui" tests="13" failures="0" skipped="0" time="91.442" errors="0">
<testcase name="Catálogo › TC-01 la home lista productos con nombre y precio @smoke" classname="ui\catalogo.spec.ts" time="3.963">
</testcase>
<testcase name="Catálogo › TC-02 la búsqueda filtra por nombre @smoke" classname="ui\catalogo.spec.ts" time="6.136">
</testcase>
<testcase name="Catálogo › TC-03 una búsqueda sin resultados no rompe la página @regression" classname="ui\catalogo.spec.ts" time="5.473">
</testcase>
<testcase name="Catálogo › TC-04 limpiar la búsqueda restaura el catálogo completo @regression" classname="ui\catalogo.spec.ts" time="7.153">
</testcase>
<testcase name="Catálogo › TC-05 ordenar por precio ascendente @regression" classname="ui\catalogo.spec.ts" time="4.913">
</testcase>
<testcase name="Catálogo › TC-06 ordenar por precio descendente @regression" classname="ui\catalogo.spec.ts" time="5.813">
</testcase>
<testcase name="Catálogo › TC-07 ordenar por nombre A-Z @regression" classname="ui\catalogo.spec.ts" time="5.275">
</testcase>
<testcase name="Detalle de producto › TC-10 el detalle muestra nombre, precio y descripción @smoke" classname="ui\catalogo.spec.ts" time="5.147">
</testcase>
<testcase name="Detalle de producto › TC-11 el selector de cantidad incrementa el valor @regression" classname="ui\catalogo.spec.ts" time="5.584">
</testcase>
<testcase name="Carrito › TC-20 agregar un producto lo refleja en el carrito @smoke" classname="ui\catalogo.spec.ts" time="10.491">
</testcase>
<testcase name="Carrito › TC-21 el precio de línea es cantidad × precio unitario @regression" classname="ui\catalogo.spec.ts" time="10.705">
</testcase>
<testcase name="Carrito › TC-22 el total del carrito es la suma de las líneas @regression" classname="ui\catalogo.spec.ts" time="10.757">
</testcase>
<testcase name="Carrito › TC-23 el checkout como invitado pide identificarse @regression" classname="ui\catalogo.spec.ts" time="10.032">
</testcase>
</testsuite>
<testsuite name="api\catalogo.spec.ts" timestamp="2026-07-20T05:37:46.098Z" hostname="api" tests="12" failures="0" skipped="0" time="10.216" errors="0">
<testcase name="API · Catálogo de productos › API-01 el listado de productos responde con estructura paginada @smoke" classname="api\catalogo.spec.ts" time="0.833">
</testcase>
<testcase name="API · Catálogo de productos › API-02 cada producto cumple el contrato esperado @smoke" classname="api\catalogo.spec.ts" time="0.889">
</testcase>
<testcase name="API · Catálogo de productos › API-03 la paginación devuelve páginas distintas @regression" classname="api\catalogo.spec.ts" time="1.601">
</testcase>
<testcase name="API · Catálogo de productos › API-04 el filtro por rango de precio respeta los límites @regression" classname="api\catalogo.spec.ts" time="0.809">
</testcase>
<testcase name="API · Catálogo de productos › API-05 la búsqueda por nombre devuelve coincidencias @regression" classname="api\catalogo.spec.ts" time="0.739">
</testcase>
<testcase name="API · Catálogo de productos › API-06 un producto inexistente devuelve 404 @regression" classname="api\catalogo.spec.ts" time="0.75">
</testcase>
<testcase name="API · Marcas y categorías › API-07 el listado de marcas responde 200 @smoke" classname="api\catalogo.spec.ts" time="0.738">
</testcase>
<testcase name="API · Marcas y categorías › API-08 el listado de categorías responde 200 @regression" classname="api\catalogo.spec.ts" time="0.753">
</testcase>
<testcase name="API · Marcas y categorías › API-09 una marca inexistente devuelve 404 @regression" classname="api\catalogo.spec.ts" time="0.78">
</testcase>
<testcase name="API · Autenticación › API-10 el login con credenciales inválidas es rechazado @regression" classname="api\catalogo.spec.ts" time="0.783">
</testcase>
<testcase name="API · Autenticación › API-11 el login sin campos obligatorios devuelve error de validación @regression" classname="api\catalogo.spec.ts" time="0.734">
</testcase>
<testcase name="API · Autenticación › API-12 un endpoint protegido sin token es rechazado @smoke" classname="api\catalogo.spec.ts" time="0.807">
</testcase>
</testsuite>
</testsuites>